build/app/intermediates/manifest_merge_blame_file/release/manifest-merger-blame-release-report.txt
1<?xml version="1.0" encoding="utf-8"?>
2<manifest xmlns:android="http://schemas.android.com/apk/res/android"
3    package="com.testing.sqlitetoexcel_example"
4    android:versionCode="1"
5    android:versionName="1.0.0" >
6
7    <uses-sdk
8        android:minSdkVersion="16"
8-->src\main\AndroidManifest.xml
9        android:targetSdkVersion="28" />
9-->src\main\AndroidManifest.xml
10    <!--
11         io.flutter.app.FlutterApplication is an android.app.Application that
12         calls FlutterMain.startInitialization(this); in its onCreate method.
13         In most cases you can leave this as-is, but you if you want to provide
14         additional functionality it is fine to subclass or reimplement
15         FlutterApplication and put your custom class here.
16    -->
17    <uses-permission android:name="android.permission.READ_EXTERNAL_STORAGE" />
17-->src\main\AndroidManifest.xml:9:5-79
17-->src\main\AndroidManifest.xml:9:22-77
18    <uses-permission android:name="android.permission.WRITE_EXTERNAL_STORAGE" />
18-->src\main\AndroidManifest.xml:10:2-77
18-->src\main\AndroidManifest.xml:10:19-75
19
20    <application
20-->src\main\AndroidManifest.xml:11:5-34:19
21        android:name="io.flutter.app.FlutterApplication"
21-->src\main\AndroidManifest.xml:13:9-57
22        android:allowBackup="true"
22-->[sqlite2xl.aar] AndroidManifest.xml:12:9-35
23        android:appComponentFactory="androidx.core.app.CoreComponentFactory"
23-->[androidx.core:core:1.1.0] AndroidManifest.xml:24:18-86
24        android:icon="@mipmap/ic_launcher"
24-->src\main\AndroidManifest.xml:15:9-43
25        android:label="sqlitetoexcel_example"
25-->src\main\AndroidManifest.xml:14:9-46
26        android:supportsRtl="true" >
26-->[sqlite2xl.aar] AndroidManifest.xml:14:9-35
27        <activity
27-->src\main\AndroidManifest.xml:17:9-28:20
28            android:name="com.testing.sqlitetoexcel_example.MainActivity"
28-->src\main\AndroidManifest.xml:18:13-41
29            android:configChanges="orientation|keyboardHidden|keyboard|screenSize|smallestScreenSize|locale|layoutDirection|fontScale|screenLayout|density|uiMode"
29-->src\main\AndroidManifest.xml:21:13-163
30            android:hardwareAccelerated="true"
30-->src\main\AndroidManifest.xml:22:13-47
31            android:launchMode="singleTop"
31-->src\main\AndroidManifest.xml:19:13-43
32            android:theme="@style/LaunchTheme"
32-->src\main\AndroidManifest.xml:20:13-47
33            android:windowSoftInputMode="adjustResize" >
33-->src\main\AndroidManifest.xml:23:13-55
34            <intent-filter>
34-->src\main\AndroidManifest.xml:24:13-27:29
35                <action android:name="android.intent.action.MAIN" />
35-->src\main\AndroidManifest.xml:25:17-68
35-->src\main\AndroidManifest.xml:25:25-66
36
37                <category android:name="android.intent.category.LAUNCHER" />
37-->src\main\AndroidManifest.xml:26:17-76
37-->src\main\AndroidManifest.xml:26:27-74
38            </intent-filter>
39        </activity>
40        <!--
41             Don't delete the meta-data below.
42             This is used by the Flutter tool to generate GeneratedPluginRegistrant.java
43        -->
44        <meta-data
44-->src\main\AndroidManifest.xml:31:9-33:33
45            android:name="flutterEmbedding"
45-->src\main\AndroidManifest.xml:32:13-44
46            android:value="2" />
46-->src\main\AndroidManifest.xml:33:13-30
47
48        <provider
48-->[:image_picker] AndroidManifest.xml:11:9-19:20
49            android:name="io.flutter.plugins.imagepicker.ImagePickerFileProvider"
49-->[:image_picker] AndroidManifest.xml:12:13-82
50            android:authorities="com.testing.sqlitetoexcel_example.flutter.image_provider"
50-->[:image_picker] AndroidManifest.xml:13:13-74
51            android:exported="false"
51-->[:image_picker] AndroidManifest.xml:14:13-37
52            android:grantUriPermissions="true" >
52-->[:image_picker] AndroidManifest.xml:15:13-47
53            <meta-data
53-->[:image_picker] AndroidManifest.xml:16:13-18:75
54                android:name="android.support.FILE_PROVIDER_PATHS"
54-->[:image_picker] AndroidManifest.xml:17:17-67
55                android:resource="@xml/flutter_image_picker_file_paths" />
55-->[:image_picker] AndroidManifest.xml:18:17-72
56        </provider>
57    </application>
58
59</manifest>